app/build/intermediates/manifest_merge_blame_file/debug/manifest-merger-blame-debug-report.txt
1<?xml version="1.0" encoding="utf-8"?>
2<manifest xmlns:android="http://schemas.android.com/apk/res/android"
3    package="com.example.api"
4    android:versionCode="1"
5    android:versionName="1.0" >
6
7    <uses-sdk
8        android:minSdkVersion="21"
8-->src\main\AndroidManifest.xml
9        android:targetSdkVersion="31" />
9-->src\main\AndroidManifest.xml
10
11    <!-- Although the *SdkVersion is captured in gradle build files, this is required for non gradle builds -->
12    <!-- <uses-sdk android:minSdkVersion="14"/> -->
13    <uses-permission android:name="android.permission.ACCESS_NETWORK_STATE" />
13-->[com.google.firebase:firebase-database:20.0.4] AndroidManifest.xml:25:5-79
13-->[com.google.firebase:firebase-database:20.0.4] AndroidManifest.xml:25:22-76
14    <uses-permission android:name="android.permission.INTERNET" />
14-->[com.google.firebase:firebase-database:20.0.4] AndroidManifest.xml:26:5-67
14-->[com.google.firebase:firebase-database:20.0.4] AndroidManifest.xml:26:22-64
15
16    <application
16-->src\main\AndroidManifest.xml:5:5-51:19
17        android:allowBackup="true"
17-->src\main\AndroidManifest.xml:6:9-35
18        android:appComponentFactory="androidx.core.app.CoreComponentFactory"
18-->[androidx.core:core:1.7.0] AndroidManifest.xml:24:18-86
19        android:debuggable="true"
20        android:icon="@mipmap/ic_launcher"
20-->src\main\AndroidManifest.xml:7:9-43
21        android:label="@string/app_name"
21-->src\main\AndroidManifest.xml:8:9-41
22        android:roundIcon="@mipmap/ic_launcher_round"
22-->src\main\AndroidManifest.xml:9:9-54
23        android:supportsRtl="true"
23-->src\main\AndroidManifest.xml:10:9-35
24        android:testOnly="true"
25        android:theme="@style/Theme.APi" >
25-->src\main\AndroidManifest.xml:11:9-41
26        <activity
26-->src\main\AndroidManifest.xml:12:9-14:40
27            android:name="com.example.api.EmergencyTasks"
27-->src\main\AndroidManifest.xml:13:13-43
28            android:exported="false" />
28-->src\main\AndroidManifest.xml:14:13-37
29        <activity
29-->src\main\AndroidManifest.xml:15:9-17:40
30            android:name="com.example.api.OperatorMenu"
30-->src\main\AndroidManifest.xml:16:13-41
31            android:exported="false" />
31-->src\main\AndroidManifest.xml:17:13-37
32        <activity
32-->src\main\AndroidManifest.xml:18:9-20:40
33            android:name="com.example.api.AdminMenu"
33-->src\main\AndroidManifest.xml:19:13-38
34            android:exported="false" />
34-->src\main\AndroidManifest.xml:20:13-37
35        <activity
35-->src\main\AndroidManifest.xml:21:9-23:40
36            android:name="com.example.api.AddProfession"
36-->src\main\AndroidManifest.xml:22:13-42
37            android:exported="false" />
37-->src\main\AndroidManifest.xml:23:13-37
38        <activity
38-->src\main\AndroidManifest.xml:24:9-26:40
39            android:name="com.example.api.Admin"
39-->src\main\AndroidManifest.xml:25:13-34
40            android:exported="false" />
40-->src\main\AndroidManifest.xml:26:13-37
41        <activity
41-->src\main\AndroidManifest.xml:27:9-29:40
42            android:name="com.example.api.ToolCorrespondentCertain"
42-->src\main\AndroidManifest.xml:28:13-53
43            android:exported="false" />
43-->src\main\AndroidManifest.xml:29:13-37
44        <activity
44-->src\main\AndroidManifest.xml:30:9-32:40
45            android:name="com.example.api.Repairer"
45-->src\main\AndroidManifest.xml:31:13-37
46            android:exported="false" />
46-->src\main\AndroidManifest.xml:32:13-37
47        <activity
47-->src\main\AndroidManifest.xml:33:9-35:40
48            android:name="com.example.api.OperatorAssign"
48-->src\main\AndroidManifest.xml:34:13-43
49            android:exported="false" />
49-->src\main\AndroidManifest.xml:35:13-37
50        <activity
50-->src\main\AndroidManifest.xml:36:9-38:40
51            android:name="com.example.api.ToolCorrespondentMenu"
51-->src\main\AndroidManifest.xml:37:13-50
52            android:exported="false" />
52-->src\main\AndroidManifest.xml:38:13-37
53        <activity
53-->src\main\AndroidManifest.xml:39:9-41:40
54            android:name="com.example.api.ToolCorrespondentCategory"
54-->src\main\AndroidManifest.xml:40:13-54
55            android:exported="false" />
55-->src\main\AndroidManifest.xml:41:13-37
56        <activity
56-->src\main\AndroidManifest.xml:42:9-50:20
57            android:name="com.example.api.LoginActivity"
57-->src\main\AndroidManifest.xml:43:13-42
58            android:exported="true" >
58-->src\main\AndroidManifest.xml:44:13-36
59            <intent-filter>
59-->src\main\AndroidManifest.xml:45:13-49:29
60                <action android:name="android.intent.action.MAIN" />
60-->src\main\AndroidManifest.xml:46:17-69
60-->src\main\AndroidManifest.xml:46:25-66
61
62                <category android:name="android.intent.category.LAUNCHER" />
62-->src\main\AndroidManifest.xml:48:17-77
62-->src\main\AndroidManifest.xml:48:27-74
63            </intent-filter>
64        </activity>
65
66        <service
66-->[com.google.firebase:firebase-database:20.0.4] AndroidManifest.xml:29:9-35:19
67            android:name="com.google.firebase.components.ComponentDiscoveryService"
67-->[com.google.firebase:firebase-database:20.0.4] AndroidManifest.xml:30:13-84
68            android:directBootAware="true"
68-->[com.google.firebase:firebase-common:20.1.0] AndroidManifest.xml:35:13-43
69            android:exported="false" >
69-->[com.google.firebase:firebase-database:20.0.4] AndroidManifest.xml:31:13-37
70            <meta-data
70-->[com.google.firebase:firebase-database:20.0.4] AndroidManifest.xml:32:13-34:85
71                android:name="com.google.firebase.components:com.google.firebase.database.DatabaseRegistrar"
71-->[com.google.firebase:firebase-database:20.0.4] AndroidManifest.xml:33:17-109
72                android:value="com.google.firebase.components.ComponentRegistrar" />
72-->[com.google.firebase:firebase-database:20.0.4] AndroidManifest.xml:34:17-82
73            <meta-data
73-->[com.google.firebase:firebase-auth:21.0.2] AndroidManifest.xml:67:13-69:85
74                android:name="com.google.firebase.components:com.google.firebase.auth.FirebaseAuthRegistrar"
74-->[com.google.firebase:firebase-auth:21.0.2] AndroidManifest.xml:68:17-109
75                android:value="com.google.firebase.components.ComponentRegistrar" />
75-->[com.google.firebase:firebase-auth:21.0.2] AndroidManifest.xml:69:17-82
76        </service>
77
78        <activity
78-->[com.google.firebase:firebase-auth:21.0.2] AndroidManifest.xml:27:9-44:20
79            android:name="com.google.firebase.auth.internal.GenericIdpActivity"
79-->[com.google.firebase:firebase-auth:21.0.2] AndroidManifest.xml:28:13-80
80            android:excludeFromRecents="true"
80-->[com.google.firebase:firebase-auth:21.0.2] AndroidManifest.xml:29:13-46
81            android:exported="true"
81-->[com.google.firebase:firebase-auth:21.0.2] AndroidManifest.xml:30:13-36
82            android:launchMode="singleTask"
82-->[com.google.firebase:firebase-auth:21.0.2] AndroidManifest.xml:31:13-44
83            android:theme="@android:style/Theme.Translucent.NoTitleBar" >
83-->[com.google.firebase:firebase-auth:21.0.2] AndroidManifest.xml:32:13-72
84            <intent-filter>
84-->[com.google.firebase:firebase-auth:21.0.2] AndroidManifest.xml:33:13-43:29
85                <action android:name="android.intent.action.VIEW" />
85-->[com.google.firebase:firebase-auth:21.0.2] AndroidManifest.xml:34:17-69
85-->[com.google.firebase:firebase-auth:21.0.2] AndroidManifest.xml:34:25-66
86
87                <category android:name="android.intent.category.DEFAULT" />
87-->[com.google.firebase:firebase-auth:21.0.2] AndroidManifest.xml:36:17-76
87-->[com.google.firebase:firebase-auth:21.0.2] AndroidManifest.xml:36:27-73
88                <category android:name="android.intent.category.BROWSABLE" />
88-->[com.google.firebase:firebase-auth:21.0.2] AndroidManifest.xml:37:17-78
88-->[com.google.firebase:firebase-auth:21.0.2] AndroidManifest.xml:37:27-75
89
90                <data
90-->[com.google.firebase:firebase-auth:21.0.2] AndroidManifest.xml:39:17-42:51
91                    android:host="firebase.auth"
91-->[com.google.firebase:firebase-auth:21.0.2] AndroidManifest.xml:40:21-49
92                    android:path="/"
92-->[com.google.firebase:firebase-auth:21.0.2] AndroidManifest.xml:41:21-37
93                    android:scheme="genericidp" />
93-->[com.google.firebase:firebase-auth:21.0.2] AndroidManifest.xml:42:21-48
94            </intent-filter>
95        </activity>
96        <activity
96-->[com.google.firebase:firebase-auth:21.0.2] AndroidManifest.xml:45:9-62:20
97            android:name="com.google.firebase.auth.internal.RecaptchaActivity"
97-->[com.google.firebase:firebase-auth:21.0.2] AndroidManifest.xml:46:13-79
98            android:excludeFromRecents="true"
98-->[com.google.firebase:firebase-auth:21.0.2] AndroidManifest.xml:47:13-46
99            android:exported="true"
99-->[com.google.firebase:firebase-auth:21.0.2] AndroidManifest.xml:48:13-36
100            android:launchMode="singleTask"
100-->[com.google.firebase:firebase-auth:21.0.2] AndroidManifest.xml:49:13-44
101            android:theme="@android:style/Theme.Translucent.NoTitleBar" >
101-->[com.google.firebase:firebase-auth:21.0.2] AndroidManifest.xml:50:13-72
102            <intent-filter>
102-->[com.google.firebase:firebase-auth:21.0.2] AndroidManifest.xml:51:13-61:29
103                <action android:name="android.intent.action.VIEW" />
103-->[com.google.firebase:firebase-auth:21.0.2] AndroidManifest.xml:34:17-69
103-->[com.google.firebase:firebase-auth:21.0.2] AndroidManifest.xml:34:25-66
104
105                <category android:name="android.intent.category.DEFAULT" />
105-->[com.google.firebase:firebase-auth:21.0.2] AndroidManifest.xml:36:17-76
105-->[com.google.firebase:firebase-auth:21.0.2] AndroidManifest.xml:36:27-73
106                <category android:name="android.intent.category.BROWSABLE" />
106-->[com.google.firebase:firebase-auth:21.0.2] AndroidManifest.xml:37:17-78
106-->[com.google.firebase:firebase-auth:21.0.2] AndroidManifest.xml:37:27-75
107
108                <data
108-->[com.google.firebase:firebase-auth:21.0.2] AndroidManifest.xml:39:17-42:51
109                    android:host="firebase.auth"
109-->[com.google.firebase:firebase-auth:21.0.2] AndroidManifest.xml:40:21-49
110                    android:path="/"
110-->[com.google.firebase:firebase-auth:21.0.2] AndroidManifest.xml:41:21-37
111                    android:scheme="recaptcha" />
111-->[com.google.firebase:firebase-auth:21.0.2] AndroidManifest.xml:42:21-48
112            </intent-filter>
113        </activity>
114
115        <provider
115-->[com.google.firebase:firebase-common:20.1.0] AndroidManifest.xml:26:9-31:39
116            android:name="com.google.firebase.provider.FirebaseInitProvider"
116-->[com.google.firebase:firebase-common:20.1.0] AndroidManifest.xml:27:13-77
117            android:authorities="com.example.api.firebaseinitprovider"
117-->[com.google.firebase:firebase-common:20.1.0] AndroidManifest.xml:28:13-72
118            android:directBootAware="true"
118-->[com.google.firebase:firebase-common:20.1.0] AndroidManifest.xml:29:13-43
119            android:exported="false"
119-->[com.google.firebase:firebase-common:20.1.0] AndroidManifest.xml:30:13-37
120            android:initOrder="100" />
120-->[com.google.firebase:firebase-common:20.1.0] AndroidManifest.xml:31:13-36
121
122        <activity
122-->[com.google.android.gms:play-services-base:18.0.1] AndroidManifest.xml:20:9-22:45
123            android:name="com.google.android.gms.common.api.GoogleApiActivity"
123-->[com.google.android.gms:play-services-base:18.0.1] AndroidManifest.xml:20:19-85
124            android:exported="false"
124-->[com.google.android.gms:play-services-base:18.0.1] AndroidManifest.xml:22:19-43
125            android:theme="@android:style/Theme.Translucent.NoTitleBar" />
125-->[com.google.android.gms:play-services-base:18.0.1] AndroidManifest.xml:21:19-78
126
127        <meta-data
127-->[com.google.android.gms:play-services-basement:18.0.0] AndroidManifest.xml:21:9-23:69
128            android:name="com.google.android.gms.version"
128-->[com.google.android.gms:play-services-basement:18.0.0] AndroidManifest.xml:22:13-58
129            android:value="@integer/google_play_services_version" />
129-->[com.google.android.gms:play-services-basement:18.0.0] AndroidManifest.xml:23:13-66
130
131        <provider
131-->[androidx.emoji2:emoji2:1.0.0] AndroidManifest.xml:26:9-34:20
132            android:name="androidx.startup.InitializationProvider"
132-->[androidx.emoji2:emoji2:1.0.0] AndroidManifest.xml:27:13-67
133            android:authorities="com.example.api.androidx-startup"
133-->[androidx.emoji2:emoji2:1.0.0] AndroidManifest.xml:28:13-68
134            android:exported="false" >
134-->[androidx.emoji2:emoji2:1.0.0] AndroidManifest.xml:29:13-37
135            <meta-data
135-->[androidx.emoji2:emoji2:1.0.0] AndroidManifest.xml:31:13-33:52
136                android:name="androidx.emoji2.text.EmojiCompatInitializer"
136-->[androidx.emoji2:emoji2:1.0.0] AndroidManifest.xml:32:17-75
137                android:value="androidx.startup" />
137-->[androidx.emoji2:emoji2:1.0.0] AndroidManifest.xml:33:17-49
138            <meta-data
138-->[androidx.lifecycle:lifecycle-process:2.4.0] AndroidManifest.xml:31:13-33:52
139                android:name="androidx.lifecycle.ProcessLifecycleInitializer"
139-->[androidx.lifecycle:lifecycle-process:2.4.0] AndroidManifest.xml:32:17-78
140                android:value="androidx.startup" />
140-->[androidx.lifecycle:lifecycle-process:2.4.0] AndroidManifest.xml:33:17-49
141        </provider>
142    </application>
143
144</manifest>